04-Oct-2021 13:37:37.454 INFO [main] org.apache.catalina.core.ApplicationContext.log ContextListener: contextInitialized()
04-Oct-2021 13:37:37.454 INFO [main] org.apache.catalina.core.ApplicationContext.log SessionListener: contextInitialized()
04-Oct-2021 13:37:37.456 INFO [main] org.apache.catalina.core.ApplicationContext.log ContextListener: attributeAdded('StockTicker', 'async.Stockticker@2de23121')
04-Oct-2021 13:55:44.933 INFO [Thread-3] org.apache.catalina.core.ApplicationContext.log SessionListener: contextDestroyed()
04-Oct-2021 13:55:44.933 INFO [Thread-3] org.apache.catalina.core.ApplicationContext.log ContextListener: contextDestroyed()
04-Oct-2021 13:56:30.565 INFO [main] org.apache.catalina.core.ApplicationContext.log ContextListener: contextInitialized()
04-Oct-2021 13:56:30.565 INFO [main] org.apache.catalina.core.ApplicationContext.log SessionListener: contextInitialized()
04-Oct-2021 13:56:30.567 INFO [main] org.apache.catalina.core.ApplicationContext.log ContextListener: attributeAdded('StockTicker', 'async.Stockticker@68267da0')
04-Oct-2021 13:57:26.535 INFO [Thread-3] org.apache.catalina.core.ApplicationContext.log SessionListener: contextDestroyed()
04-Oct-2021 13:57:26.535 INFO [Thread-3] org.apache.catalina.core.ApplicationContext.log ContextListener: contextDestroyed()
04-Oct-2021 13:57:32.949 INFO [main] org.apache.catalina.core.ApplicationContext.log ContextListener: contextInitialized()
04-Oct-2021 13:57:32.949 INFO [main] org.apache.catalina.core.ApplicationContext.log SessionListener: contextInitialized()
04-Oct-2021 13:57:32.952 INFO [main] org.apache.catalina.core.ApplicationContext.log ContextListener: attributeAdded('StockTicker', 'async.Stockticker@68267da0')
04-Oct-2021 14:00:27.059 INFO [Thread-3] org.apache.catalina.core.ApplicationContext.log SessionListener: contextDestroyed()
04-Oct-2021 14:00:27.059 INFO [Thread-3] org.apache.catalina.core.ApplicationContext.log ContextListener: contextDestroyed()
04-Oct-2021 14:01:11.724 INFO [main] org.apache.catalina.core.ApplicationContext.log ContextListener: contextInitialized()
04-Oct-2021 14:01:11.724 INFO [main] org.apache.catalina.core.ApplicationContext.log SessionListener: contextInitialized()
04-Oct-2021 14:01:11.726 INFO [main] org.apache.catalina.core.ApplicationContext.log ContextListener: attributeAdded('StockTicker', 'async.Stockticker@68267da0')
04-Oct-2021 14:02:00.608 INFO [Thread-3] org.apache.catalina.core.ApplicationContext.log SessionListener: contextDestroyed()
04-Oct-2021 14:02:00.608 INFO [Thread-3] org.apache.catalina.core.ApplicationContext.log ContextListener: contextDestroyed()
04-Oct-2021 14:02:06.928 INFO [main] org.apache.catalina.core.ApplicationContext.log ContextListener: contextInitialized()
04-Oct-2021 14:02:06.928 INFO [main] org.apache.catalina.core.ApplicationContext.log SessionListener: contextInitialized()
04-Oct-2021 14:02:06.930 INFO [main] org.apache.catalina.core.ApplicationContext.log ContextListener: attributeAdded('StockTicker', 'async.Stockticker@68267da0')
04-Oct-2021 14:02:49.131 INFO [Thread-3] org.apache.catalina.core.ApplicationContext.log SessionListener: contextDestroyed()
04-Oct-2021 14:02:49.131 INFO [Thread-3] org.apache.catalina.core.ApplicationContext.log ContextListener: contextDestroyed()
04-Oct-2021 14:02:53.722 INFO [main] org.apache.catalina.core.ApplicationContext.log ContextListener: contextInitialized()
04-Oct-2021 14:02:53.722 INFO [main] org.apache.catalina.core.ApplicationContext.log SessionListener: contextInitialized()
04-Oct-2021 14:02:53.724 INFO [main] org.apache.catalina.core.ApplicationContext.log ContextListener: attributeAdded('StockTicker', 'async.Stockticker@68267da0')
04-Oct-2021 14:03:31.693 INFO [Thread-3] org.apache.catalina.core.ApplicationContext.log SessionListener: contextDestroyed()
04-Oct-2021 14:03:31.693 INFO [Thread-3] org.apache.catalina.core.ApplicationContext.log ContextListener: contextDestroyed()
04-Oct-2021 14:03:36.580 INFO [main] org.apache.catalina.core.ApplicationContext.log ContextListener: contextInitialized()
04-Oct-2021 14:03:36.580 INFO [main] org.apache.catalina.core.ApplicationContext.log SessionListener: contextInitialized()
04-Oct-2021 14:03:36.582 INFO [main] org.apache.catalina.core.ApplicationContext.log ContextListener: attributeAdded('StockTicker', 'async.Stockticker@68267da0')
04-Oct-2021 14:04:10.820 INFO [Thread-3] org.apache.catalina.core.ApplicationContext.log SessionListener: contextDestroyed()
04-Oct-2021 14:04:10.820 INFO [Thread-3] org.apache.catalina.core.ApplicationContext.log ContextListener: contextDestroyed()
04-Oct-2021 14:04:15.519 INFO [main] org.apache.catalina.core.ApplicationContext.log ContextListener: contextInitialized()
04-Oct-2021 14:04:15.519 INFO [main] org.apache.catalina.core.ApplicationContext.log SessionListener: contextInitialized()
04-Oct-2021 14:04:15.522 INFO [main] org.apache.catalina.core.ApplicationContext.log ContextListener: attributeAdded('StockTicker', 'async.Stockticker@68267da0')
04-Oct-2021 14:05:55.142 INFO [Thread-3] org.apache.catalina.core.ApplicationContext.log SessionListener: contextDestroyed()
04-Oct-2021 14:05:55.142 INFO [Thread-3] org.apache.catalina.core.ApplicationContext.log ContextListener: contextDestroyed()
04-Oct-2021 14:06:00.526 INFO [main] org.apache.catalina.core.ApplicationContext.log ContextListener: contextInitialized()
04-Oct-2021 14:06:00.527 INFO [main] org.apache.catalina.core.ApplicationContext.log SessionListener: contextInitialized()
04-Oct-2021 14:06:00.530 INFO [main] org.apache.catalina.core.ApplicationContext.log ContextListener: attributeAdded('StockTicker', 'async.Stockticker@68267da0')
04-Oct-2021 14:55:03.577 INFO [Thread-3] org.apache.catalina.core.ApplicationContext.log SessionListener: contextDestroyed()
04-Oct-2021 14:55:03.577 INFO [Thread-3] org.apache.catalina.core.ApplicationContext.log ContextListener: contextDestroyed()
04-Oct-2021 14:55:09.888 INFO [main] org.apache.catalina.core.ApplicationContext.log ContextListener: contextInitialized()
04-Oct-2021 14:55:09.888 INFO [main] org.apache.catalina.core.ApplicationContext.log SessionListener: contextInitialized()
04-Oct-2021 14:55:09.891 INFO [main] org.apache.catalina.core.ApplicationContext.log ContextListener: attributeAdded('StockTicker', 'async.Stockticker@65bdd558')
04-Oct-2021 14:56:18.912 INFO [Thread-3] org.apache.catalina.core.ApplicationContext.log SessionListener: contextDestroyed()
04-Oct-2021 14:56:18.912 INFO [Thread-3] org.apache.catalina.core.ApplicationContext.log ContextListener: contextDestroyed()
04-Oct-2021 14:56:25.057 INFO [main] org.apache.catalina.core.ApplicationContext.log ContextListener: contextInitialized()
04-Oct-2021 14:56:25.058 INFO [main] org.apache.catalina.core.ApplicationContext.log SessionListener: contextInitialized()
04-Oct-2021 14:56:25.059 INFO [main] org.apache.catalina.core.ApplicationContext.log ContextListener: attributeAdded('StockTicker', 'async.Stockticker@65bdd558')
04-Oct-2021 14:58:03.693 INFO [Thread-3] org.apache.catalina.core.ApplicationContext.log SessionListener: contextDestroyed()
04-Oct-2021 14:58:03.693 INFO [Thread-3] org.apache.catalina.core.ApplicationContext.log ContextListener: contextDestroyed()
04-Oct-2021 14:58:09.765 INFO [main] org.apache.catalina.core.ApplicationContext.log ContextListener: contextInitialized()
04-Oct-2021 14:58:09.765 INFO [main] org.apache.catalina.core.ApplicationContext.log SessionListener: contextInitialized()
04-Oct-2021 14:58:09.768 INFO [main] org.apache.catalina.core.ApplicationContext.log ContextListener: attributeAdded('StockTicker', 'async.Stockticker@65bdd558')
04-Oct-2021 15:00:22.827 INFO [main] org.apache.catalina.core.ApplicationContext.log ContextListener: contextInitialized()
04-Oct-2021 15:00:22.828 INFO [main] org.apache.catalina.core.ApplicationContext.log SessionListener: contextInitialized()
04-Oct-2021 15:00:22.832 INFO [main] org.apache.catalina.core.ApplicationContext.log ContextListener: attributeAdded('StockTicker', 'async.Stockticker@65bdd558')
04-Oct-2021 15:03:46.349 INFO [Thread-3] org.apache.catalina.core.ApplicationContext.log SessionListener: contextDestroyed()
04-Oct-2021 15:03:46.349 INFO [Thread-3] org.apache.catalina.core.ApplicationContext.log ContextListener: contextDestroyed()
04-Oct-2021 15:03:51.628 INFO [main] org.apache.catalina.core.ApplicationContext.log ContextListener: contextInitialized()
04-Oct-2021 15:03:51.628 INFO [main] org.apache.catalina.core.ApplicationContext.log SessionListener: contextInitialized()
04-Oct-2021 15:03:51.633 INFO [main] org.apache.catalina.core.ApplicationContext.log ContextListener: attributeAdded('StockTicker', 'async.Stockticker@65bdd558')
04-Oct-2021 15:08:10.651 INFO [Thread-3] org.apache.catalina.core.ApplicationContext.log SessionListener: contextDestroyed()
04-Oct-2021 15:08:10.652 INFO [Thread-3] org.apache.catalina.core.ApplicationContext.log ContextListener: contextDestroyed()
04-Oct-2021 15:08:42.257 INFO [main] org.apache.catalina.core.ApplicationContext.log ContextListener: contextInitialized()
04-Oct-2021 15:08:42.257 INFO [main] org.apache.catalina.core.ApplicationContext.log SessionListener: contextInitialized()
04-Oct-2021 15:08:42.260 INFO [main] org.apache.catalina.core.ApplicationContext.log ContextListener: attributeAdded('StockTicker', 'async.Stockticker@65bdd558')
04-Oct-2021 15:16:12.510 INFO [Thread-3] org.apache.catalina.core.ApplicationContext.log SessionListener: contextDestroyed()
04-Oct-2021 15:16:12.510 INFO [Thread-3] org.apache.catalina.core.ApplicationContext.log ContextListener: contextDestroyed()
04-Oct-2021 15:16:19.249 INFO [main] org.apache.catalina.core.ApplicationContext.log ContextListener: contextInitialized()
04-Oct-2021 15:16:19.249 INFO [main] org.apache.catalina.core.ApplicationContext.log SessionListener: contextInitialized()
04-Oct-2021 15:16:19.251 INFO [main] org.apache.catalina.core.ApplicationContext.log ContextListener: attributeAdded('StockTicker', 'async.Stockticker@65bdd558')
04-Oct-2021 15:16:22.201 INFO [Thread-3] org.apache.catalina.core.ApplicationContext.log SessionListener: contextDestroyed()
04-Oct-2021 15:16:22.201 INFO [Thread-3] org.apache.catalina.core.ApplicationContext.log ContextListener: contextDestroyed()
04-Oct-2021 15:16:28.368 INFO [main] org.apache.catalina.core.ApplicationContext.log ContextListener: contextInitialized()
04-Oct-2021 15:16:28.370 INFO [main] org.apache.catalina.core.ApplicationContext.log SessionListener: contextInitialized()
04-Oct-2021 15:16:28.373 INFO [main] org.apache.catalina.core.ApplicationContext.log ContextListener: attributeAdded('StockTicker', 'async.Stockticker@65bdd558')
04-Oct-2021 15:29:35.208 INFO [Thread-3] org.apache.catalina.core.ApplicationContext.log SessionListener: contextDestroyed()
04-Oct-2021 15:29:35.208 INFO [Thread-3] org.apache.catalina.core.ApplicationContext.log ContextListener: contextDestroyed()
04-Oct-2021 15:29:42.081 INFO [main] org.apache.catalina.core.ApplicationContext.log ContextListener: contextInitialized()
04-Oct-2021 15:29:42.081 INFO [main] org.apache.catalina.core.ApplicationContext.log SessionListener: contextInitialized()
04-Oct-2021 15:29:42.083 INFO [main] org.apache.catalina.core.ApplicationContext.log ContextListener: attributeAdded('StockTicker', 'async.Stockticker@1dba4e06')
04-Oct-2021 15:40:23.745 INFO [Thread-3] org.apache.catalina.core.ApplicationContext.log SessionListener: contextDestroyed()
04-Oct-2021 15:40:23.745 INFO [Thread-3] org.apache.catalina.core.ApplicationContext.log ContextListener: contextDestroyed()
04-Oct-2021 15:40:29.447 INFO [main] org.apache.catalina.core.ApplicationContext.log ContextListener: contextInitialized()
04-Oct-2021 15:40:29.447 INFO [main] org.apache.catalina.core.ApplicationContext.log SessionListener: contextInitialized()
04-Oct-2021 15:40:29.449 INFO [main] org.apache.catalina.core.ApplicationContext.log ContextListener: attributeAdded('StockTicker', 'async.Stockticker@1dba4e06')
